<?xml version="1.0" encoding="UTF-8"?>
<testng-results total="1" passed="1" failed="0" skipped="0">
  <reporter-output>
  </reporter-output>
  <suite started-at="2023-11-02T07:56:57Z" name="Default suite" finished-at="2023-11-02T07:57:31Z" duration-ms="33633">
    <groups>
    </groups>
    <test started-at="2023-11-02T07:56:57Z" name="Default test" finished-at="2023-11-02T07:57:31Z" duration-ms="33633">
      <class name="vandanademo2.DD2">
        <test-method is-config="true" signature="bt()[pri:0, instance:vandanademo2.DD2@14bee915]" started-at="2023-11-02T13:26:57Z" name="bt" finished-at="2023-11-02T13:27:19Z" duration-ms="21982" status="PASS">
          <reporter-output>
          </reporter-output>
        </test-method> <!-- bt -->
        <test-method signature="test1()[pri:0, instance:vandanademo2.DD2@14bee915]" started-at="2023-11-02T13:27:19Z" name="test1" finished-at="2023-11-02T13:27:31Z" duration-ms="11629" status="PASS">
          <reporter-output>
          </reporter-output>
        </test-method> <!-- test1 -->
      </class> <!-- vandanademo2.DD2 -->
    </test> <!-- Default test -->
  </suite> <!-- Default suite -->
</testng-results>
